<?xml version="1.0" encoding="UTF-8"?>
<!-- Generated by org.testng.reporters.JUnitReportReporter -->
<testsuite skipped="0" hostname="DESKTOP-P5VMUPI" name="selenium.Edit" tests="1" failures="0" timestamp="2021-09-18T17:07:18 IST" time="14.564" errors="0">
  <testcase name="email" time="14.564" classname="selenium.Edit"/>
  <system-out/>
</testsuite> <!-- selenium.Edit -->
