<?xml version="1.0" encoding="UTF-8"?>
<!-- Generated by org.testng.reporters.JUnitReportReporter -->
<testsuite skipped="0" hostname="DESKTOP-P5VMUPI" name="selenium.Edit" tests="1" failures="0" timestamp="2021-09-18T19:30:21 IST" time="37.653" errors="0">
  <testcase name="text" time="37.653" classname="selenium.Edit"/>
  <system-out/>
</testsuite> <!-- selenium.Edit -->
