<?xml version="1.0" encoding="UTF-8"?>
<!-- Generated by org.testng.reporters.JUnitReportReporter -->
<testsuite skipped="0" hostname="DESKTOP-P5VMUPI" name="selenium.UpLoadFiles" tests="1" failures="0" timestamp="2021-09-27T09:55:32 IST" time="6.620" errors="0">
  <testcase name="upload" time="6.620" classname="selenium.UpLoadFiles"/>
  <system-out/>
</testsuite> <!-- selenium.UpLoadFiles -->
