<?xml version="1.0" encoding="UTF-8"?>
<!-- Generated by org.testng.reporters.JUnitReportReporter -->
<testsuite skipped="0" hostname="DESKTOP-P5VMUPI" name="priority" tests="4" failures="0" timestamp="2021-09-18T09:59:01 IST" time="0.014" errors="0">
  <testcase name="add" time="0.010" classname="priority"/>
  <system-out/>
  <testcase name="mul" time="0.001" classname="priority"/>
  <system-out/>
  <testcase name="sub" time="0.002" classname="priority"/>
  <system-out/>
  <testcase name="div" time="0.001" classname="priority"/>
  <system-out/>
</testsuite> <!-- priority -->
