<?xml version="1.0" encoding="UTF-8"?>
<!-- Generated by org.testng.reporters.JUnitReportReporter -->
<testsuite skipped="0" hostname="DESKTOP-P5VMUPI" name="selenium.WaitForTextChange" tests="1" failures="0" timestamp="2021-09-28T10:26:02 IST" time="11.326" errors="0">
  <testcase name="textchainge" time="11.326" classname="selenium.WaitForTextChange"/>
  <system-out/>
</testsuite> <!-- selenium.WaitForTextChange -->
