<?xml version="1.0" encoding="UTF-8"?>
<!-- Generated by org.testng.reporters.JUnitReportReporter -->
<testsuite skipped="0" hostname="DESKTOP-P5VMUPI" name="selenium.Draggable" tests="1" failures="0" timestamp="2021-09-27T11:35:42 IST" time="9.224" errors="0">
  <testcase name="drag" time="9.224" classname="selenium.Draggable"/>
  <system-out/>
</testsuite> <!-- selenium.Draggable -->
