<?xml version="1.0" encoding="UTF-8"?>
<!-- Generated by org.testng.reporters.JUnitReportReporter -->
<testsuite skipped="0" hostname="DESKTOP-P5VMUPI" name="selenium.Alert" tests="1" failures="0" timestamp="2021-09-28T05:58:05 IST" time="33.969" errors="0">
  <testcase name="b" time="33.969" classname="selenium.Alert"/>
  <system-out/>
</testsuite> <!-- selenium.Alert -->
