<?xml version="1.0" encoding="UTF-8"?>
<!-- Generated by org.testng.reporters.JUnitReportReporter -->
<testsuite skipped="0" hostname="DESKTOP-P5VMUPI" name="selenium.MouseHover" tests="1" failures="0" timestamp="2021-09-27T08:18:27 IST" time="12.299" errors="0">
  <testcase name="mouse" time="12.299" classname="selenium.MouseHover"/>
  <system-out/>
</testsuite> <!-- selenium.MouseHover -->
