<?xml version="1.0" encoding="UTF-8"?>
<!-- Generated by org.testng.reporters.JUnitReportReporter -->
<testsuite skipped="0" hostname="DESKTOP-P5VMUPI" name="selenium.Table" tests="1" failures="0" timestamp="2021-09-19T15:23:29 IST" time="10.914" errors="0">
  <testcase name="ab" time="10.914" classname="selenium.Table"/>
  <system-out/>
</testsuite> <!-- selenium.Table -->
