<?xml version="1.0" encoding="UTF-8"?>
<!-- Generated by org.testng.reporters.JUnitReportReporter -->
<testsuite skipped="0" hostname="DESKTOP-P5VMUPI" name="selenium.ToolTip" tests="1" failures="0" timestamp="2021-09-27T07:54:12 IST" time="11.532" errors="0">
  <testcase name="tool" time="11.532" classname="selenium.ToolTip"/>
  <system-out/>
</testsuite> <!-- selenium.ToolTip -->
