<?xml version="1.0" encoding="UTF-8"?>
<!-- Generated by org.testng.reporters.JUnitReportReporter -->
<testsuite skipped="0" hostname="DESKTOP-P5VMUPI" name="selenium.Sortable" tests="1" failures="0" timestamp="2021-09-27T10:10:10 IST" time="9.491" errors="0">
  <testcase name="sort" time="9.491" classname="selenium.Sortable"/>
  <system-out/>
</testsuite> <!-- selenium.Sortable -->
