<?xml version="1.0" encoding="UTF-8"?>
<!-- Generated by org.testng.reporters.JUnitReportReporter -->
<testsuite skipped="0" hostname="DESKTOP-P5VMUPI" name="selenium.DropDown" tests="1" failures="0" timestamp="2021-09-22T20:18:38 IST" time="7.355" errors="0">
  <testcase name="dropdowns" time="7.355" classname="selenium.DropDown"/>
  <system-out/>
</testsuite> <!-- selenium.DropDown -->
