<?xml version="1.0" encoding="UTF-8"?>
<!-- Generated by org.testng.reporters.JUnitReportReporter -->
<testsuite skipped="0" hostname="DESKTOP-P5VMUPI" name="selenium.WaitToDisapear" tests="1" failures="0" timestamp="2021-09-28T09:11:28 IST" time="7.682" errors="0">
  <testcase name="disapear" time="7.682" classname="selenium.WaitToDisapear"/>
  <system-out/>
</testsuite> <!-- selenium.WaitToDisapear -->
