<?xml version="1.0" encoding="UTF-8"?>
<!-- Generated by org.testng.reporters.JUnitReportReporter -->
<testsuite skipped="0" hostname="DESKTOP-P5VMUPI" name="selenium.WaitForAllert" tests="1" failures="0" timestamp="2021-09-27T19:17:27 IST" time="12.502" errors="0">
  <testcase name="ger" time="12.502" classname="selenium.WaitForAllert"/>
  <system-out/>
</testsuite> <!-- selenium.WaitForAllert -->
