<?xml version="1.0" encoding="UTF-8"?>
<!-- Generated by org.testng.reporters.JUnitReportReporter -->
<testsuite skipped="0" hostname="DESKTOP-P5VMUPI" name="selenium.CheckBox" tests="1" failures="0" timestamp="2021-09-19T19:32:42 IST" time="5.766" errors="0">
  <testcase name="Box" time="5.766" classname="selenium.CheckBox"/>
  <system-out/>
</testsuite> <!-- selenium.CheckBox -->
