<?xml version="1.0" encoding="UTF-8"?>
<!-- Generated by org.testng.reporters.JUnitReportReporter -->
<testsuite skipped="0" hostname="DESKTOP-P5VMUPI" name="selenium.RadioButton" tests="1" failures="0" timestamp="2021-09-22T16:19:44 IST" time="6.702" errors="0">
  <testcase name="HandlingRadioButton" time="6.702" classname="selenium.RadioButton"/>
  <system-out/>
</testsuite> <!-- selenium.RadioButton -->
