<?xml version="1.0" encoding="UTF-8"?>
<!-- Generated by org.testng.reporters.JUnitReportReporter -->
<testsuite skipped="0" hostname="DESKTOP-P5VMUPI" name="selenium.Calender" tests="1" failures="0" timestamp="2021-09-24T07:33:53 IST" time="7.076" errors="0">
  <testcase name="cal" time="7.076" classname="selenium.Calender"/>
  <system-out/>
</testsuite> <!-- selenium.Calender -->
