<?xml version="1.0" encoding="UTF-8"?>
<!-- Generated by org.testng.reporters.JUnitReportReporter -->
<testsuite skipped="0" hostname="DESKTOP-P5VMUPI" name="selenium.AdvanceWebTable" tests="1" failures="0" timestamp="2021-09-28T10:40:08 IST" time="11.823" errors="0">
  <testcase name="webtable" time="11.823" classname="selenium.AdvanceWebTable"/>
  <system-out/>
</testsuite> <!-- selenium.AdvanceWebTable -->
