<?xml version="1.0" encoding="UTF-8"?>
<!-- Generated by org.testng.reporters.JUnitReportReporter -->
<testsuite skipped="0" hostname="DESKTOP-P5VMUPI" name="selenium.HyperLink" tests="1" failures="0" timestamp="2021-09-19T15:53:13 IST" time="10.492" errors="0">
  <testcase name="working" time="10.492" classname="selenium.HyperLink"/>
  <system-out/>
</testsuite> <!-- selenium.HyperLink -->
