<?xml version="1.0" encoding="UTF-8"?>
<!-- Generated by org.testng.reporters.JUnitReportReporter -->
<testsuite skipped="0" hostname="DESKTOP-P5VMUPI" name="selenium.Frame" tests="1" failures="0" timestamp="2021-09-24T06:29:51 IST" time="8.532" errors="0">
  <testcase name="frm" time="8.532" classname="selenium.Frame"/>
  <system-out/>
</testsuite> <!-- selenium.Frame -->
