<?xml version="1.0" encoding="UTF-8"?>
<!-- Generated by org.testng.reporters.JUnitReportReporter -->
<testsuite skipped="0" hostname="DESKTOP-P5VMUPI" name="selenium.WaitToAppear" tests="1" failures="0" timestamp="2021-09-28T06:02:04 IST" time="6.862" errors="0">
  <testcase name="appear" time="6.862" classname="selenium.WaitToAppear"/>
  <system-out/>
</testsuite> <!-- selenium.WaitToAppear -->
