<?xml version="1.0" encoding="UTF-8"?>
<!-- Generated by org.testng.reporters.JUnitReportReporter -->
<testsuite skipped="0" hostname="DESKTOP-P5VMUPI" name="selenium.Droppable" tests="1" failures="0" timestamp="2021-09-24T11:05:51 IST" time="7.941" errors="0">
  <testcase name="drop" time="7.941" classname="selenium.Droppable"/>
  <system-out/>
</testsuite> <!-- selenium.Droppable -->
