<?xml version="1.0" encoding="UTF-8"?>
<!-- Generated by org.testng.reporters.JUnitReportReporter -->
<testsuite skipped="0" hostname="DESKTOP-P5VMUPI" name="selenium.Window" tests="1" failures="0" timestamp="2021-09-24T09:29:56 IST" time="28.454" errors="0">
  <testcase name="wnd" time="28.454" classname="selenium.Window"/>
  <system-out/>
</testsuite> <!-- selenium.Window -->
