<?xml version="1.0" encoding="UTF-8"?>
<!-- Generated by org.testng.reporters.JUnitReportReporter -->
<testsuite skipped="0" hostname="DESKTOP-P5VMUPI" name="selenium.Buttons" tests="1" failures="0" timestamp="2021-09-18T19:15:02 IST" time="10.486" errors="0">
  <testcase name="buttonfeatures" time="10.486" classname="selenium.Buttons"/>
  <system-out/>
</testsuite> <!-- selenium.Buttons -->
