<?xml version="1.0" encoding="UTF-8"?>
<!-- Generated by org.testng.reporters.JUnitReportReporter -->
<testsuite skipped="0" hostname="DESKTOP-P5VMUPI" name="selenium.Selectable" tests="1" failures="0" timestamp="2021-09-24T11:15:49 IST" time="7.455" errors="0">
  <testcase name="sel" time="7.455" classname="selenium.Selectable"/>
  <system-out/>
</testsuite> <!-- selenium.Selectable -->
